Arguments: 
  /usr/bin/node /usr/share/yarn/bin/yarn.js add jquery@1.9.1 - 3 --dev

PATH: 
  /home/ihorshkidchenko/.rbenv/plugins/ruby-build/bin:/home/ihorshkidchenko/.rbenv/shims:/home/ihorshkidchenko/.rbenv/bin:/home/ihorshkidchenko/bin:/home/ihorshkidchenko/.local/bin:/usr/local/sbin:/usr/local/bin:/usr/sbin:/usr/bin:/sbin:/bin:/usr/games:/usr/local/games:/snap/bin:/home/ihorshkidchenko/.rvm/bin:/home/ihorshkidchenko/.rvm/bin

Yarn version: 
  1.9.4

Node version: 
  8.12.0

Platform: 
  linux ia32

Trace: 
  Error: https://registry.yarnpkg.com/-: Not found
      at Request.params.callback [as _callback] (/usr/share/yarn/lib/cli.js:64202:18)
      at Request.self.callback (/usr/share/yarn/lib/cli.js:137468:22)
      at emitTwo (events.js:126:13)
      at Request.emit (events.js:214:7)
      at Request.<anonymous> (/usr/share/yarn/lib/cli.js:138440:10)
      at emitOne (events.js:116:13)
      at Request.emit (events.js:211:7)
      at IncomingMessage.<anonymous> (/usr/share/yarn/lib/cli.js:138362:12)
      at Object.onceWrapper (events.js:313:30)
      at emitNone (events.js:111:20)

npm manifest: 
  {
    "name": "rg_web_codebreaker",
    "version": "1.0.0",
    "description": "logic_game",
    "main": "index.js",
    "repository": "https://github.com/IgorShkidchenko/codebreaker_web-Rack.git",
    "author": "IgorShkidchenko <igorshkidchenko@gmail.com>",
    "license": "MIT",
    "devDependencies": {
      "bootstrap": "4.2.1"
    }
  }

yarn manifest: 
  No manifest

Lockfile: 
  # THIS IS AN AUTOGENERATED FILE. DO NOT EDIT THIS FILE DIRECTLY.
  # yarn lockfile v1
  
  
  bootstrap@4.2.1:
    version "4.2.1"
    resolved "https://registry.yarnpkg.com/bootstrap/-/bootstrap-4.2.1.tgz#8f8bdca024dbf0e8644da32e918c8a03a90a5757"
